INFO  10:23:15 Application started. Press Ctrl+C to shut down.
INFO  10:23:16 Application started. Press Ctrl+C to shut down.
INFO  10:23:16 Hosting environment: Development
INFO  10:23:16 Hosting environment: Development
INFO  10:23:16 Content root path: C:\Users\sud44\OneDrive\Desktop\new pull\Authorization
INFO  10:23:16 Content root path: C:\Users\sud44\OneDrive\Desktop\new pull\Authorization
INFO  10:23:22 Login method invoked
ERROR 10:23:27 Error Occured from LoginError Message : One or more errors occurred. (No connection could be made because the target machine actively refused it.)
INFO  11:11:15 Application started. Press Ctrl+C to shut down.
INFO  11:11:15 Application started. Press Ctrl+C to shut down.
INFO  11:11:15 Hosting environment: Development
INFO  11:11:15 Hosting environment: Development
INFO  11:11:15 Content root path: C:\Users\sud44\OneDrive\Desktop\new pull\Authorization
INFO  11:11:15 Content root path: C:\Users\sud44\OneDrive\Desktop\new pull\Authorization
INFO  11:11:51 Login method invoked
ERROR 11:11:56 Error Occured from LoginError Message : One or more errors occurred. (No connection could be made because the target machine actively refused it.)
INFO  11:21:02 Application started. Press Ctrl+C to shut down.
INFO  11:21:02 Application started. Press Ctrl+C to shut down.
INFO  11:21:02 Hosting environment: Development
INFO  11:21:02 Hosting environment: Development
INFO  11:21:02 Content root path: C:\Users\sud44\OneDrive\Desktop\new pull\Authorization
INFO  11:21:02 Content root path: C:\Users\sud44\OneDrive\Desktop\new pull\Authorization
INFO  12:17:41 Application started. Press Ctrl+C to shut down.
INFO  12:17:41 Application started. Press Ctrl+C to shut down.
INFO  12:17:41 Hosting environment: Development
INFO  12:17:41 Hosting environment: Development
INFO  12:17:41 Content root path: C:\Users\sud44\OneDrive\Desktop\new pull\Authorization
INFO  12:17:41 Content root path: C:\Users\sud44\OneDrive\Desktop\new pull\Authorization
INFO  08:56:44 Application started. Press Ctrl+C to shut down.
INFO  08:56:44 Application started. Press Ctrl+C to shut down.
INFO  08:56:44 Hosting environment: Development
INFO  08:56:44 Hosting environment: Development
INFO  08:56:44 Content root path: C:\Users\sud44\OneDrive\Desktop\UI\Authorization
INFO  08:56:44 Content root path: C:\Users\sud44\OneDrive\Desktop\UI\Authorization
INFO  08:58:55 Login method invoked
INFO  08:59:24 Login method invoked
INFO  09:02:45 Login method invoked
